<?xml version="1.0" encoding="UTF-8"?>
<testng-results ignored="0" total="1" passed="0" failed="1" skipped="0">
  <reporter-output>
  </reporter-output>
  <suite started-at="2023-02-26T22:39:35 IST" name="Default suite" finished-at="2023-02-26T22:39:48 IST" duration-ms="13875">
    <groups>
    </groups>
    <test started-at="2023-02-26T22:39:35 IST" name="Default test" finished-at="2023-02-26T22:39:48 IST" duration-ms="13875">
      <class name="scripts.MovieDataComparisonTest">
        <test-method is-config="true" signature="dbConnect()[pri:0, instance:scripts.MovieDataComparisonTest@5d0a1059]" started-at="2023-02-26T22:39:35 IST" name="dbConnect" finished-at="2023-02-26T22:39:35 IST" duration-ms="10" status="PASS">
          <reporter-output>
          </reporter-output>
        </test-method> <!-- dbConnect -->
        <test-method is-config="true" signature="browserLaunch()[pri:0, instance:scripts.MovieDataComparisonTest@5d0a1059]" started-at="2023-02-26T22:39:35 IST" name="browserLaunch" finished-at="2023-02-26T22:39:39 IST" duration-ms="3519" status="PASS">
          <reporter-output>
          </reporter-output>
        </test-method> <!-- browserLaunch -->
        <test-method is-config="true" signature="loginToApp()[pri:0, instance:scripts.MovieDataComparisonTest@5d0a1059]" started-at="2023-02-26T22:39:39 IST" name="loginToApp" finished-at="2023-02-26T22:39:39 IST" duration-ms="1" status="PASS">
          <reporter-output>
          </reporter-output>
        </test-method> <!-- loginToApp -->
        <test-method signature="movieDataComparisonTest()[pri:0, instance:scripts.MovieDataComparisonTest@5d0a1059]" started-at="2023-02-26T22:39:39 IST" name="movieDataComparisonTest" finished-at="2023-02-26T22:39:48 IST" duration-ms="9352" status="FAIL">
          <exception class="java.lang.AssertionError">
            <message>
              <![CDATA[expected [17 December 2021] but found [December 17, 2021 (United States)]]]>
            </message>
            <full-stacktrace>
              <![CDATA[java.lang.AssertionError: expected [17 December 2021] but found [December 17, 2021 (United States)]
at org.testng.Assert.fail(Assert.java:99)
at org.testng.Assert.failNotEquals(Assert.java:1037)
at org.testng.Assert.assertEqualsImpl(Assert.java:140)
at org.testng.Assert.assertEquals(Assert.java:122)
at org.testng.Assert.assertEquals(Assert.java:629)
at org.testng.Assert.assertEquals(Assert.java:639)
at scripts.MovieDataComparisonTest.movieDataComparisonTest(MovieDataComparisonTest.java:55)
at java.base/jdk.internal.reflect.DirectMethodHandleAccessor.invoke(DirectMethodHandleAccessor.java:104)
at java.base/java.lang.reflect.Method.invoke(Method.java:577)
at org.testng.internal.MethodInvocationHelper.invokeMethod(MethodInvocationHelper.java:133)
at org.testng.internal.TestInvoker.invokeMethod(TestInvoker.java:598)
at org.testng.internal.TestInvoker.invokeTestMethod(TestInvoker.java:173)
at org.testng.internal.MethodRunner.runInSequence(MethodRunner.java:46)
at org.testng.internal.TestInvoker$MethodInvocationAgent.invoke(TestInvoker.java:824)
at org.testng.internal.TestInvoker.invokeTestMethods(TestInvoker.java:146)
at org.testng.internal.TestMethodWorker.invokeTestMethods(TestMethodWorker.java:146)
at org.testng.internal.TestMethodWorker.run(TestMethodWorker.java:128)
at java.base/java.util.ArrayList.forEach(ArrayList.java:1511)
at org.testng.TestRunner.privateRun(TestRunner.java:794)
at org.testng.TestRunner.run(TestRunner.java:596)
at org.testng.SuiteRunner.runTest(SuiteRunner.java:377)
at org.testng.SuiteRunner.runSequentially(SuiteRunner.java:371)
at org.testng.SuiteRunner.privateRun(SuiteRunner.java:332)
at org.testng.SuiteRunner.run(SuiteRunner.java:276)
at org.testng.SuiteRunnerWorker.runSuite(SuiteRunnerWorker.java:53)
at org.testng.SuiteRunnerWorker.run(SuiteRunnerWorker.java:96)
at org.testng.TestNG.runSuitesSequentially(TestNG.java:1212)
at org.testng.TestNG.runSuitesLocally(TestNG.java:1134)
at org.testng.TestNG.runSuites(TestNG.java:1063)
at org.testng.TestNG.run(TestNG.java:1031)
at org.testng.remote.AbstractRemoteTestNG.run(AbstractRemoteTestNG.java:115)
at org.testng.remote.RemoteTestNG.initAndRun(RemoteTestNG.java:251)
at org.testng.remote.RemoteTestNG.main(RemoteTestNG.java:77)
]]>
            </full-stacktrace>
          </exception> <!-- java.lang.AssertionError -->
          <reporter-output>
          </reporter-output>
        </test-method> <!-- movieDataComparisonTest -->
        <test-method is-config="true" signature="logoutToApp()[pri:0, instance:scripts.MovieDataComparisonTest@5d0a1059]" started-at="2023-02-26T22:39:48 IST" name="logoutToApp" finished-at="2023-02-26T22:39:48 IST" duration-ms="1" status="PASS">
          <reporter-output>
          </reporter-output>
        </test-method> <!-- logoutToApp -->
        <test-method is-config="true" signature="closeBrowser()[pri:0, instance:scripts.MovieDataComparisonTest@5d0a1059]" started-at="2023-02-26T22:39:48 IST" name="closeBrowser" finished-at="2023-02-26T22:39:48 IST" duration-ms="355" status="PASS">
          <reporter-output>
          </reporter-output>
        </test-method> <!-- closeBrowser -->
        <test-method is-config="true" signature="dbDisconnect()[pri:0, instance:scripts.MovieDataComparisonTest@5d0a1059]" started-at="2023-02-26T22:39:49 IST" name="dbDisconnect" finished-at="2023-02-26T22:39:49 IST" duration-ms="1" status="PASS">
          <reporter-output>
          </reporter-output>
        </test-method> <!-- dbDisconnect -->
      </class> <!-- scripts.MovieDataComparisonTest -->
    </test> <!-- Default test -->
  </suite> <!-- Default suite -->
</testng-results>
